make all --print-data-base --no-builtin-variables --no-builtin-rules --question
make: *** No rule to make target 'all'.  Stop.

# GNU Make 4.2.1
# Built for x86_64-pc-linux-gnu
# Copyright (C) 1988-2016 Free Software Foundation, Inc.
# License GPLv3+: GNU GPL version 3 or later <http://gnu.org/licenses/gpl.html>
# This is free software: you are free to change and redistribute it.
# There is NO WARRANTY, to the extent permitted by law.

# Make data base, printed on Fri Aug 26 10:09:17 2022

# Variables

# automatic
<D = $(patsubst %/,%,$(dir $<))
# automatic
?F = $(notdir $?)
# default
.SHELLFLAGS := -c
# environment
VSCODE_AGENT_FOLDER = /home/codespace/.vscode-remote
# environment
NODE_ROOT = /home/codespace/.nodejs
# automatic
?D = $(patsubst %/,%,$(dir $?))
# environment
GRADLE_HOME = /usr/local/sdkman/candidates/gradle/current
# environment
rvm_path = /usr/local/rvm
# environment
JAVA_ROOT = /home/codespace/.java
# automatic
@D = $(patsubst %/,%,$(dir $@))
# automatic
@F = $(notdir $@)
# makefile
CURDIR := /workspaces/ft_containers
# environment
DOCKER_BUILDKIT = 1
# environment
PYTHON_ROOT = /home/codespace/.python
# environment
VSCODE_NLS_CONFIG = {"locale":"en","availableLanguages":{}}
# environment
PROMPT_DIRTRIM = 4
# environment
_ = /usr/bin/cat
# environment
GITHUB_GRAPHQL_URL = https://api.github.com/graphql
# environment
RUBY_HOME = /opt/ruby/lts
# environment
GITHUB_TOKEN = ghu_OxAFi9RHssCRQZbQ5hjokAdA29ijgV397VHY
# makefile
MAKEFILE_LIST := 
# environment
ENABLE_DYNAMIC_INSTALL = true
# environment
DEBUG = ,vs-ssh
# 'override' directive
GNUMAKEFLAGS := 
# environment
LESSOPEN = | /usr/bin/lesspipe %s
# environment
VSCODE_CWD = /vscode/bin/linux-x64/e4503b30fc78200f846c62cf8091b76ff5547662
# environment
NUGET_PACKAGES = /var/nuget
# environment
NVS_ROOT = /home/codespace/.nvs
# environment
DOTNET_SKIP_FIRST_TIME_EXPERIENCE = 1
# environment
PATH = /vscode/bin/linux-x64/e4503b30fc78200f846c62cf8091b76ff5547662/bin/remote-cli:/home/codespace/.local/bin:/home/codespace/.rbenv/shims:/opt/python/3.10.4/bin:/home/codespace/.nvm/current/bin:/home/codespace/.npm-global/bin:/home/codespace/.python/current/bin:/usr/local/sbin:/usr/local/bin:/usr/sbin:/usr/bin:/sbin:/bin:/home/codespace/.dotnet:/home/codespace/.dotnet/tools:/usr/local/sdkman/bin:/usr/local/sdkman/candidates/gradle/current/bin:/usr/local/sdkman/candidates/java/current/bin:/opt/maven/lts:/usr/local/go/bin:/go/bin:/usr/local/py-utils/bin:/opt/conda/condabin:/home/codespace/.java/current/bin:/home/codespace/.nodejs/current/bin:/home/codespace/.php/current/bin:/home/codespace/.ruby/current/bin:/home/codespace/.maven/current/bin:/home/codespace/.hugo/current/bin:/home/codespace/.local/bin:/opt/oryx:/opt/nodejs/lts/bin:/opt/dotnet/lts:/opt/python/latest/bin:/opt/php/lts/bin:/opt/php-composer:/opt/yarn/stable/bin:/opt/hugo/lts::/opt/java/lts/bin:/opt/maven/lts/bin:/opt/ruby/lts/bin:/usr/local/rvm/bin
# environment
NVS_OS = linux
# environment
DYNAMIC_INSTALL_ROOT_DIR = /opt
# environment
CLOUDENV_ENVIRONMENT_ID = f6adac8a-17dd-4cc3-84f1-901f3b4aae79
# environment
ORYX_AI_INSTRUMENTATION_KEY = 4aadba6b-30c8-42db-9b93-024d5c62b887
# environment
rvm_stored_umask = 0022
# environment
GITHUB_SERVER_URL = https://github.com
# environment
PIPX_BIN_DIR = /usr/local/py-utils/bin
# environment
PIPX_HOME = /usr/local/py-utils
# environment
SDKMAN_DIR = /usr/local/sdkman
# environment
SDKMAN_CANDIDATES_API = https://api.sdkman.io/2
# environment
GOPATH = /go
# environment
SDKMAN_PLATFORM = linuxx64
# environment
NUGET_XMLDOC_MODE = skip
# environment
ELECTRON_RUN_AS_NODE = 1
# environment
VSCODE_IPC_HOOK_CLI = /tmp/vscode-ipc-d01d0875-d8d0-4b5e-9f3c-7643d26edc6a.sock
# default
.FEATURES := target-specific order-only second-expansion else-if shortest-stem undefine oneshell archives jobserver output-sync check-symlink load
# environment
CODESPACES = true
# environment
CODESPACE_NAME = winash1618-ft-containers-xv74p6pw7r72v9x
# environment
LS_COLORS = 
# automatic
%F = $(notdir $%)
# environment
CONDA_SCRIPT = /opt/conda/etc/profile.d/conda.sh
# environment
JUPYTERLAB_PATH = /home/codespace/.local/bin
# environment
ORIGINAL_PATH = /usr/local/sbin:/usr/local/bin:/usr/sbin:/usr/bin:/sbin:/bin
# environment
rvm_bin_path = /usr/local/rvm/bin
# environment
ORYX_SDK_STORAGE_BASE_URL = https://oryx-cdn.microsoft.io
# environment
VSCDC_FIXED_SECRETS = true
# environment
DOTNET_ROOT = /home/codespace/.dotnet
# default
.LOADED := 
# environment
RVM_PATH = /usr/local/rvm
# environment
NPM_GLOBAL = /home/codespace/.npm-global
# environment
ORYX_PATHS = /opt/oryx:/opt/nodejs/lts/bin:/opt/dotnet/lts:/opt/python/latest/bin:/opt/php/lts/bin:/opt/php-composer:/opt/yarn/stable/bin:/opt/hugo/lts::/opt/java/lts/bin:/opt/maven/lts/bin:/opt/ruby/lts/bin
# environment
NVM_SYMLINK_CURRENT = true
# environment
VSCODE_AMD_ENTRYPOINT = vs/workbench/api/node/extensionHostProcess
# environment
HOME = /home/codespace
# environment
LESSCLOSE = /usr/bin/lesspipe %s %s
# environment
APPLICATION_INSIGHTS_NO_DIAGNOSTIC_CHANNEL = true
# environment
NVM_CD_FLAGS = 
# automatic
+F = $(notdir $+)
# environment
ORYX_PREFER_USER_INSTALLED_SDKS = true
# environment
PYTHONIOENCODING = UTF-8
# environment
VSCODE_HANDLES_UNCAUGHT_ERRORS = true
# automatic
^D = $(patsubst %/,%,$(dir $^))
# environment
HOSTNAME = codespaces-51839c
# environment
ORYX_ENV_TYPE = vsonline-present
# environment
GRADLE_USER_HOME = /home/codespace/.gradle
# environment
MAKELEVEL := 0
# environment
SDKMAN_VERSION = 5.16.0
# default
MAKE = $(MAKE_COMMAND)
# environment
HUGO_ROOT = /home/codespace/.hugo
# default
MAKECMDGOALS := all
# environment
SHLVL = 1
# environment
RUBY_ROOT = /home/codespace/.ruby
# environment
MAVEN_ROOT = /home/codespace/.maven
# environment
JAVA_HOME = /opt/java/lts
# default
MAKE_VERSION := 4.2.1
# environment
GITHUB_CODESPACE_TOKEN = AMFNUW4DLS27MOSL5YZQST3DBFBZ5ANCNFSM4ABZ3RQQ
# environment
USER = codespace
# environment
NVS_USE_XZ = 1
# makefile
.DEFAULT_GOAL := 
# environment
SHELL_LOGGED_IN = true
# environment
GOROOT = /usr/local/go
# environment
rvm_version = 1.29.12 (latest)
# automatic
%D = $(patsubst %/,%,$(dir $%))
# default
MAKE_COMMAND := make
# environment
OLDPWD = /vscode/bin/linux-x64/e4503b30fc78200f846c62cf8091b76ff5547662
# default
.VARIABLES := 
# automatic
*F = $(notdir $*)
# makefile
MAKEFLAGS = pqrR
# environment
MFLAGS = -pqrR
# automatic
*D = $(patsubst %/,%,$(dir $*))
# environment
NVM_DIR = /home/codespace/.nvm
# automatic
+D = $(patsubst %/,%,$(dir $+))
# makefile
SHELL = /bin/sh
# environment
rvm_user_install_flag = 0
# environment
BROWSER = /vscode/bin/linux-x64/e4503b30fc78200f846c62cf8091b76ff5547662/bin/helpers/browser.sh
# environment
PHP_ROOT = /home/codespace/.php
# environment
RepositoryName = null
# environment
NVS_HOME = /home/codespace/.nvs
# environment
VSCODE_HANDLES_SIGPIPE = true
# environment
DEBIAN_FLAVOR = focal-scm
# environment
GITHUB_USER = winash1618
# default
MAKEFILES := 
# environment
RBENV_SHELL = bash
# automatic
<F = $(notdir $<)
# environment
SDKMAN_CANDIDATES_DIR = /usr/local/sdkman/candidates
# environment
GITHUB_API_URL = https://api.github.com
# environment
PWD = /workspaces/ft_containers
# environment
LC_ALL = C
# environment
INTERNAL_VSCS_TARGET_URL = https://westeurope.online.visualstudio.com
# environment
GITHUB_REPOSITORY = winash1618/ft_containers
# automatic
^F = $(notdir $^)
# environment
rvm_prefix = /usr/local
# default
SUFFIXES := 
# default
.INCLUDE_DIRS = /usr/include /usr/local/include /usr/include
# environment
rvm_loaded_flag = 1
# default
.RECIPEPREFIX := 
# default
MAKE_HOST := x86_64-pc-linux-gnu
# environment
RAILS_DEVELOPMENT_HOSTS = .githubpreview.dev
# environment
LANG = C
# environment
ContainerVersion = 12
# environment
NVM_RC_VERSION = 
# variable set hash-table stats:
# Load=131/1024=13%, Rehash=0, Collisions=12/153=8%

# Pattern-specific Variable Values

# No pattern-specific variable values.

# Directories

# . (device 1792, inode 1572874): 6 files, no impossibilities.

# 6 files, no impossibilities in 1 directories.

# Implicit Rules

# No implicit rules.

# Files

# Not a target:
all:
#  Command line target.
#  Implicit rule search has been done.
#  File does not exist.
 
#  File has not been updated.

# Not a target:
Makefile:
#  Implicit rule search has been done.
#  File does not exist.
#  File has been updated.
#  Failed to be updated.

# Not a target:
makefile:
#  Implicit rule search has been done.
#  File does not exist.
#  File has been updated.
#  Failed to be updated.

# Not a target:
.DEFAULT:
#  Implicit rule search has not been done.
#  Modification time never checked.
#  File has not been updated.

# Not a target:
GNUmakefile:
#  Implicit rule search has been done.
#  File does not exist.
#  File has been updated.
#  Failed to be updated.

# files hash-table stats:
# Load=6/1024=1%, Rehash=0, Collisions=0/15=0%
# VPATH Search Paths

# No 'vpath' search paths.

# No general ('VPATH' variable) search path.

# strcache buffers: 1 (0) / strings = 14 / storage = 130 B / avg = 9 B
# current buf: size = 8162 B / used = 130 B / count = 14 / avg = 9 B

# strcache performance: lookups = 17 / hit rate = 17%
# hash-table stats:
# Load=14/8192=0%, Rehash=0, Collisions=1/17=6%
# Finished Make data base on Fri Aug 26 10:09:17 2022

 
